# JRE version: OpenJDK Runtime Environment Temurin-17.0.19+10 (17.0.19+10) (build 17.0.19+10)
# Java VM: OpenJDK 64-Bit Server VM Temurin-17.0.19+10 (17.0.19+10, mixed mode, sharing, tiered, compressed oops, compressed class ptrs, g1 gc, windows-amd64)
GC Precious Log:
 CPUs: 8 total, 8 available
 Memory: 8066M
 Large Page Support: Disabled
 NUMA Support: Disabled
 Compressed Oops: Enabled (Zero based)
 Heap Region Size: 2M
 Heap Min Capacity: 8M
 Heap Initial Capacity: 128M
 Heap Max Capacity: 4G
 Pre-touch: Disabled
 Parallel Workers: 8
 Concurrent Workers: 2
 Concurrent Refinement Workers: 8
 Periodic GC: Disabled
Heap:
 garbage-first heap   total 776192K, used 448483K [0x0000000700000000, 0x0000000800000000)
  region size 2048K, 12 young (24576K), 3 survivors (6144K)
 Metaspace       used 169762K, committed 172416K, reserved 622592K
  class space    used 22622K, committed 23808K, reserved 425984K
GC Heap History (20 events):
Event: 155.663 GC heap before
{Heap before GC invocations=91 (full 0):
 garbage-first heap   total 622592K, used 498259K [0x0000000700000000, 0x0000000800000000)
  region size 2048K, 75 young (153600K), 9 survivors (18432K)
 Metaspace       used 144644K, committed 147008K, reserved 557056K
  class space    used 19725K, committed 20800K, reserved 425984K
}
Event: 155.701 GC heap after
{Heap after GC invocations=92 (full 0):
 garbage-first heap   total 622592K, used 378728K [0x0000000700000000, 0x0000000800000000)
  region size 2048K, 7 young (14336K), 7 survivors (14336K)
 Metaspace       used 144644K, committed 147008K, reserved 557056K
  class space    used 19725K, committed 20800K, reserved 425984K
}
Event: 160.248 GC heap before
{Heap before GC invocations=92 (full 0):
 garbage-first heap   total 622592K, used 505704K [0x0000000700000000, 0x0000000800000000)
  region size 2048K, 70 young (143360K), 7 survivors (14336K)
 Metaspace       used 148280K, committed 150720K, reserved 557056K
  class space    used 20150K, committed 21248K, reserved 425984K
}
Event: 160.271 GC heap after
{Heap after GC invocations=93 (full 0):
 garbage-first heap   total 622592K, used 385327K [0x0000000700000000, 0x0000000800000000)
  region size 2048K, 5 young (10240K), 5 survivors (10240K)
 Metaspace       used 148280K, committed 150720K, reserved 557056K
  class space    used 20150K, committed 21248K, reserved 425984K
}
Event: 161.708 GC heap before
{Heap before GC invocations=93 (full 0):
 garbage-first heap   total 622592K, used 512303K [0x0000000700000000, 0x0000000800000000)
  region size 2048K, 68 young (139264K), 5 survivors (10240K)
 Metaspace       used 148319K, committed 150720K, reserved 557056K
  class space    used 20152K, committed 21248K, reserved 425984K
}
Event: 161.725 GC heap after
{Heap after GC invocations=94 (full 0):
 garbage-first heap   total 622592K, used 388942K [0x0000000700000000, 0x0000000800000000)
  region size 2048K, 7 young (14336K), 7 survivors (14336K)
 Metaspace       used 148319K, committed 150720K, reserved 557056K
  class space    used 20152K, committed 21248K, reserved 425984K
}
Event: 163.633 GC heap before
{Heap before GC invocations=94 (full 0):
 garbage-first heap   total 622592K, used 517966K [0x0000000700000000, 0x0000000800000000)
  region size 2048K, 71 young (145408K), 7 survivors (14336K)
 Metaspace       used 148385K, committed 150784K, reserved 557056K
  class space    used 20157K, committed 21248K, reserved 425984K
}
Event: 163.652 GC heap after
{Heap after GC invocations=95 (full 0):
 garbage-first heap   total 622592K, used 392583K [0x0000000700000000, 0x0000000800000000)
  region size 2048K, 6 young (12288K), 6 survivors (12288K)
 Metaspace       used 148385K, committed 150784K, reserved 557056K
  class space    used 20157K, committed 21248K, reserved 425984K
}
Event: 165.049 GC heap before
{Heap before GC invocations=95 (full 0):
 garbage-first heap   total 622592K, used 521607K [0x0000000700000000, 0x0000000800000000)
  region size 2048K, 70 young (143360K), 6 survivors (12288K)
 Metaspace       used 148580K, committed 150976K, reserved 557056K
  class space    used 20173K, committed 21248K, reserved 425984K
}
Event: 165.067 GC heap after
{Heap after GC invocations=96 (full 0):
 garbage-first heap   total 622592K, used 397463K [0x0000000700000000, 0x0000000800000000)
  region size 2048K, 6 young (12288K), 6 survivors (12288K)
 Metaspace       used 148580K, committed 150976K, reserved 557056K
  class space    used 20173K, committed 21248K, reserved 425984K
}
Event: 166.686 GC heap before
{Heap before GC invocations=96 (full 0):
 garbage-first heap   total 622592K, used 524439K [0x0000000700000000, 0x0000000800000000)
  region size 2048K, 69 young (141312K), 6 survivors (12288K)
 Metaspace       used 149510K, committed 152000K, reserved 622592K
  class space    used 20306K, committed 21440K, reserved 425984K
}
Event: 166.712 GC heap after
{Heap after GC invocations=97 (full 0):
 garbage-first heap   total 622592K, used 404143K [0x0000000700000000, 0x0000000800000000)
  region size 2048K, 7 young (14336K), 7 survivors (14336K)
 Metaspace       used 149510K, committed 152000K, reserved 622592K
  class space    used 20306K, committed 21440K, reserved 425984K
}
Event: 169.193 GC heap before
{Heap before GC invocations=97 (full 0):
 garbage-first heap   total 622592K, used 529070K [0x0000000700000000, 0x0000000800000000)
  region size 2048K, 68 young (139264K), 7 survivors (14336K)
 Metaspace       used 154517K, committed 156992K, reserved 622592K
  class space    used 20926K, committed 22080K, reserved 425984K
}
Event: 169.223 GC heap after
{Heap after GC invocations=98 (full 0):
 garbage-first heap   total 622592K, used 411192K [0x0000000700000000, 0x0000000800000000)
  region size 2048K, 5 young (10240K), 5 survivors (10240K)
 Metaspace       used 154517K, committed 156992K, reserved 622592K
  class space    used 20926K, committed 22080K, reserved 425984K
}
Event: 172.921 GC heap before
{Heap before GC invocations=98 (full 0):
 garbage-first heap   total 622592K, used 536120K [0x0000000700000000, 0x0000000800000000)
  region size 2048K, 63 young (129024K), 5 survivors (10240K)
 Metaspace       used 162890K, committed 165504K, reserved 622592K
  class space    used 21828K, committed 22976K, reserved 425984K
}
Event: 172.947 GC heap after
{Heap after GC invocations=99 (full 0):
 garbage-first heap   total 622592K, used 430724K [0x0000000700000000, 0x0000000800000000)
  region size 2048K, 7 young (14336K), 7 survivors (14336K)
 Metaspace       used 162890K, committed 165504K, reserved 622592K
  class space    used 21828K, committed 22976K, reserved 425984K
}
Event: 179.225 GC heap before
{Heap before GC invocations=100 (full 0):
 garbage-first heap   total 776192K, used 516740K [0x0000000700000000, 0x0000000800000000)
  region size 2048K, 50 young (102400K), 7 survivors (14336K)
 Metaspace       used 169217K, committed 171840K, reserved 622592K
  class space    used 22535K, committed 23744K, reserved 425984K
}
Event: 179.249 GC heap after
{Heap after GC invocations=101 (full 0):
 garbage-first heap   total 776192K, used 437023K [0x0000000700000000, 0x0000000800000000)
  region size 2048K, 7 young (14336K), 7 survivors (14336K)
 Metaspace       used 169217K, committed 171840K, reserved 622592K
  class space    used 22535K, committed 23744K, reserved 425984K
}
Event: 180.551 GC heap before
{Heap before GC invocations=101 (full 0):
 garbage-first heap   total 776192K, used 457503K [0x0000000700000000, 0x0000000800000000)
  region size 2048K, 18 young (36864K), 7 survivors (14336K)
 Metaspace       used 169478K, committed 172160K, reserved 622592K
  class space    used 22576K, committed 23808K, reserved 425984K
}
Event: 180.579 GC heap after
{Heap after GC invocations=102 (full 0):
 garbage-first heap   total 776192K, used 432099K [0x0000000700000000, 0x0000000800000000)
  region size 2048K, 3 young (6144K), 3 survivors (6144K)
 Metaspace       used 169478K, committed 172160K, reserved 622592K
  class space    used 22576K, committed 23808K, reserved 425984K
}

